<?xml version="1.0" encoding="UTF-8"?>
<!-- Generated by org.testng.reporters.JUnitXMLReporter -->
<testsuite ignored="0" hostname="TRD-515" failures="0" tests="5" name="Test" time="15.003" errors="0" timestamp="2024-06-01T10:59:01 IST">
  <testcase classname="com.coforge.tests.TestGoogleSearch" name="test1" time="0.009"/>
  <testcase classname="com.coforge.tests.TestGoogleSearch" name="test2" time="0.002"/>
  <testcase classname="com.coforge.tests.TestGoogleSearch" name="testGoogleSearch" time="8.711"/>
  <testcase classname="com.coforge.tests.Test1" name="veriftySomething" time="0.001"/>
  <testcase classname="com.coforge.tests.Test2" name="verifySomeModule" time="0.001"/>
</testsuite> <!-- Test -->
